[01/May/2019 02:25:03] "GET /map/5c8bf53ea05a37a5c7d707ce/ HTTP/1.1" 200 108941
[01/May/2019 02:25:04] "POST /getMapDataByMapId HTTP/1.1" 200 725665
[01/May/2019 02:25:04] "POST /getClstrsByTypeAndMapid HTTP/1.1" 200 56738
[01/May/2019 02:25:08] "GET / HTTP/1.1" 200 5614
[01/May/2019 02:25:08] "POST /getMapInfoByDiseaseCategory HTTP/1.1" 200 465
[01/May/2019 02:25:19] "GET /map/5c8bf53ea05a37a5c7d707ce/ HTTP/1.1" 200 108941
[01/May/2019 02:25:20] "POST /getMapDataByMapId HTTP/1.1" 200 725665
[01/May/2019 02:25:20] "POST /getClstrsByTypeAndMapid HTTP/1.1" 200 56738
[01/May/2019 02:28:57] "POST /genelistSearch HTTP/1.1" 200 671
[01/May/2019 02:45:47] "POST /genelistSearch HTTP/1.1" 200 727
[01/May/2019 02:45:56] "POST /genelistSearch HTTP/1.1" 200 20513
[01/May/2019 02:45:56] "POST /getGeneSearchPlotDataByclstrType HTTP/1.1" 200 6463
[01/May/2019 02:45:57] "POST /genelistSearch HTTP/1.1" 200 251
[01/May/2019 02:45:57] "POST /getGeneSearchPlotDataByclstrType HTTP/1.1" 200 6343
[01/May/2019 02:46:02] "POST /genelistSearch HTTP/1.1" 200 2584
[01/May/2019 02:46:02] "POST /getGeneSearchPlotDataByclstrType HTTP/1.1" 200 6386
[01/May/2019 02:46:04] "POST /genelistSearch HTTP/1.1" 200 6067
[01/May/2019 02:46:04] "POST /getGeneSearchPlotDataByclstrType HTTP/1.1" 200 6408
[01/May/2019 02:46:30] "POST /genelistSearch HTTP/1.1" 200 20513
[01/May/2019 02:46:30] "POST /getGeneSearchPlotDataByclstrType HTTP/1.1" 200 6463
[01/May/2019 02:46:31] "POST /genelistSearch HTTP/1.1" 200 11675
[01/May/2019 02:46:31] "POST /getGeneSearchPlotDataByclstrType HTTP/1.1" 200 6445
[01/May/2019 02:46:32] "POST /genelistSearch HTTP/1.1" 200 20513
[01/May/2019 02:46:32] "POST /getGeneSearchPlotDataByclstrType HTTP/1.1" 200 6463
[01/May/2019 02:46:35] "POST /genelistSearch HTTP/1.1" 200 251
[01/May/2019 02:46:35] "POST /getGeneSearchPlotDataByclstrType HTTP/1.1" 200 6343
[01/May/2019 02:48:10] "GET /map/5bfe36bdbef42b0d23956527/ HTTP/1.1" 200 108820
[01/May/2019 02:48:11] "POST /getMapDataByMapId HTTP/1.1" 200 389280
[01/May/2019 02:48:11] "POST /getClstrsByTypeAndMapid HTTP/1.1" 200 6391
[01/May/2019 02:48:15] "POST /genelistSearch HTTP/1.1" 200 544
[01/May/2019 02:48:21] "POST /genelistSearch HTTP/1.1" 200 10403
[01/May/2019 02:48:21] "POST /getGeneSearchPlotDataByclstrType HTTP/1.1" 200 6364
[01/May/2019 02:48:22] "POST /genelistSearch HTTP/1.1" 200 26156
[01/May/2019 02:48:22] "POST /getGeneSearchPlotDataByclstrType HTTP/1.1" 200 6460
[01/May/2019 02:48:24] "POST /genelistSearch HTTP/1.1" 200 38195
[01/May/2019 02:48:24] "POST /getGeneSearchPlotDataByclstrType HTTP/1.1" 200 6485
[01/May/2019 02:48:25] "POST /genelistSearch HTTP/1.1" 200 9880
[01/May/2019 02:48:25] "POST /getGeneSearchPlotDataByclstrType HTTP/1.1" 200 6444
[01/May/2019 02:48:27] "POST /genelistSearch HTTP/1.1" 200 10341
[01/May/2019 02:48:27] "POST /getGeneSearchPlotDataByclstrType HTTP/1.1" 200 6406
[01/May/2019 02:48:27] "POST /genelistSearch HTTP/1.1" 200 30812
[01/May/2019 02:48:27] "POST /getGeneSearchPlotDataByclstrType HTTP/1.1" 200 6460
[01/May/2019 02:48:28] "POST /genelistSearch HTTP/1.1" 200 24225
[01/May/2019 02:48:28] "POST /getGeneSearchPlotDataByclstrType HTTP/1.1" 200 6468
[01/May/2019 02:48:28] "POST /genelistSearch HTTP/1.1" 200 23366
[01/May/2019 02:48:29] "POST /getGeneSearchPlotDataByclstrType HTTP/1.1" 200 6495
[01/May/2019 02:48:30] "POST /genelistSearch HTTP/1.1" 200 25644
[01/May/2019 02:48:30] "POST /getGeneSearchPlotDataByclstrType HTTP/1.1" 200 6512
[01/May/2019 02:48:31] "POST /genelistSearch HTTP/1.1" 200 1061
[01/May/2019 02:48:31] "POST /getGeneSearchPlotDataByclstrType HTTP/1.1" 200 6276
[01/May/2019 02:48:32] "POST /genelistSearch HTTP/1.1" 200 44646
[01/May/2019 02:48:32] "POST /getGeneSearchPlotDataByclstrType HTTP/1.1" 200 6470
[01/May/2019 02:48:33] "POST /genelistSearch HTTP/1.1" 200 574
[01/May/2019 02:48:33] "POST /getGeneSearchPlotDataByclstrType HTTP/1.1" 200 6360
[01/May/2019 02:48:34] "POST /genelistSearch HTTP/1.1" 200 1061
[01/May/2019 02:48:34] "POST /getGeneSearchPlotDataByclstrType HTTP/1.1" 200 6276
[01/May/2019 02:48:36] "POST /genelistSearch HTTP/1.1" 200 1061
[01/May/2019 02:48:36] "POST /getGeneSearchPlotDataByclstrType HTTP/1.1" 200 6276
[01/May/2019 02:48:36] "POST /genelistSearch HTTP/1.1" 200 10341
[01/May/2019 02:48:36] "POST /getGeneSearchPlotDataByclstrType HTTP/1.1" 200 6406
[01/May/2019 02:48:38] "POST /genelistSearch HTTP/1.1" 200 1061
[01/May/2019 02:48:38] "POST /getGeneSearchPlotDataByclstrType HTTP/1.1" 200 6276
[01/May/2019 02:48:39] "POST /genelistSearch HTTP/1.1" 200 11675
[01/May/2019 02:48:39] "POST /getGeneSearchPlotDataByclstrType HTTP/1.1" 200 6445
[01/May/2019 02:48:45] "POST /getClstrsByTypeAndMapid HTTP/1.1" 200 37453
[01/May/2019 03:01:06] "GET / HTTP/1.1" 200 5614
[01/May/2019 03:01:06] "GET /static/lib/jquery-3.2.1.js HTTP/1.1" 304 0
[01/May/2019 03:01:06] "GET /static/lib/fontawesome5.8/css/all.min.css HTTP/1.1" 304 0
[01/May/2019 03:01:06] "GET /static/lib/fonts.css HTTP/1.1" 304 0
[01/May/2019 03:01:06] "GET /static/lib/bootstrap-4.1.3/css/bootstrap.min.css HTTP/1.1" 304 0
[01/May/2019 03:01:06] "GET /static/lib/fontawesome5.8/js/all.min.js HTTP/1.1" 304 0
[01/May/2019 03:01:06] "GET /static/lib/bootstrap-4.1.3/js/bootstrap.bundle.min.js HTTP/1.1" 304 0
[01/May/2019 03:01:06] "POST /getMapInfoByDiseaseCategory HTTP/1.1" 200 465
[01/May/2019 03:01:06] "GET /static/lib/fontawesome5.8/webfonts/fa-solid-900.woff2 HTTP/1.1" 304 0
[01/May/2019 03:01:10] "GET /map/5bfe36bdbef42b0d23956527/ HTTP/1.1" 200 108820
[01/May/2019 03:01:10] "GET /static/lib/d3.v4.js HTTP/1.1" 304 0
[01/May/2019 03:01:10] "GET /static/lib/jquery-ui-1.12.1.flick/jquery-ui.min.js HTTP/1.1" 304 0
[01/May/2019 03:01:10] "GET /static/lib/jquery-ui-slider-pips/jquery-ui-slider-pips.min.js HTTP/1.1" 304 0
[01/May/2019 03:01:10] "GET /static/lib/d3-hsv.v0.1.min.js HTTP/1.1" 304 0
[01/May/2019 03:01:10] "GET /static/lib/d3-scale-chromatic.v1.min.js HTTP/1.1" 304 0
[01/May/2019 03:01:10] "GET /static/lib/jquery-ui-1.12.1.flick/jquery-ui.min.css HTTP/1.1" 304 0
[01/May/2019 03:01:10] "GET /static/lib/jquery-ui-1.12.1.flick/jquery-ui.theme.min.css HTTP/1.1" 304 0
[01/May/2019 03:01:10] "GET /static/lib/jquery-ui-slider-pips/jquery-ui-slider-pips.min.css HTTP/1.1" 304 0
[01/May/2019 03:01:10] "GET /static/lib/selectize/css/selectize.css HTTP/1.1" 304 0
[01/May/2019 03:01:10] "GET /static/lib/bgrins-spectrum/spectrum.css HTTP/1.1" 304 0
[01/May/2019 03:01:10] "GET /static/lib/DataTables/datatables.min.css HTTP/1.1" 304 0
[01/May/2019 03:01:11] "GET /static/css/components.css HTTP/1.1" 304 0
[01/May/2019 03:01:11] "GET /static/lib/selectize/js/standalone/selectize.min.js HTTP/1.1" 304 0
[01/May/2019 03:01:11] "GET /static/lib/slideReveal/jquery.slidereveal.min.js HTTP/1.1" 304 0
[01/May/2019 03:01:11] "GET /static/lib/bgrins-spectrum/spectrum.js HTTP/1.1" 304 0
[01/May/2019 03:01:11] "GET /static/lib/DataTables/datatables.min.js HTTP/1.1" 304 0
[01/May/2019 03:01:11] "GET /static/lib/download.js HTTP/1.1" 304 0
[01/May/2019 03:01:11] "GET /static/js/lasso.js HTTP/1.1" 304 0
[01/May/2019 03:01:11] "POST /getMapDataByMapId HTTP/1.1" 200 389280
[01/May/2019 03:01:11] "POST /getClstrsByTypeAndMapid HTTP/1.1" 200 6391
[01/May/2019 03:01:57] "GET /static/lib/fontawesome5.8/webfonts/fa-regular-400.woff2 HTTP/1.1" 304 0
Performing system checks...

System check identified no issues (0 silenced).
May 01, 2019 - 02:25:03
Django version 2.2, using settings 'singleCell.settings'
Starting development server at http://0.0.0.0:8000/
Quit the server with CONTROL-C.
[01/May/2019 03:01:58] "POST /contrast HTTP/1.1" 200 35
[01/May/2019 03:02:03] "POST /getContrastResult HTTP/1.1" 200 15
[01/May/2019 03:02:07] "POST /getContrastResult HTTP/1.1" 200 15
[01/May/2019 03:02:10] "POST /getContrastResult HTTP/1.1" 200 15
[01/May/2019 03:02:13] "POST /getContrastResult HTTP/1.1" 200 15
[01/May/2019 03:02:16] "POST /getContrastResult HTTP/1.1" 200 15
[01/May/2019 03:02:19] "POST /getContrastResult HTTP/1.1" 200 15
[01/May/2019 03:02:22] "POST /getContrastResult HTTP/1.1" 200 15
[01/May/2019 03:02:25] "POST /getContrastResult HTTP/1.1" 200 15
[01/May/2019 03:02:28] "POST /getContrastResult HTTP/1.1" 200 15
[01/May/2019 03:02:31] "POST /getContrastResult HTTP/1.1" 200 15
[01/May/2019 03:02:34] "POST /getContrastResult HTTP/1.1" 200 15
[01/May/2019 03:02:37] "POST /getContrastResult HTTP/1.1" 200 15
[01/May/2019 03:02:40] "POST /getContrastResult HTTP/1.1" 200 15
[01/May/2019 03:02:43] "POST /getContrastResult HTTP/1.1" 200 15
[01/May/2019 03:02:46] "POST /getContrastResult HTTP/1.1" 200 15
[01/May/2019 03:02:49] "POST /getContrastResult HTTP/1.1" 200 15
[01/May/2019 03:02:52] "POST /getContrastResult HTTP/1.1" 200 15
[01/May/2019 03:02:55] "POST /getContrastResult HTTP/1.1" 200 15
[01/May/2019 03:02:58] "POST /getContrastResult HTTP/1.1" 200 15
[01/May/2019 03:03:01] "POST /getContrastResult HTTP/1.1" 200 15
[01/May/2019 03:03:04] "POST /getContrastResult HTTP/1.1" 200 15
[01/May/2019 03:03:07] "POST /getContrastResult HTTP/1.1" 200 15
[01/May/2019 03:03:09] "POST /getContrastResult HTTP/1.1" 200 15
[01/May/2019 03:03:12] "POST /getContrastResult HTTP/1.1" 200 15
[01/May/2019 03:03:15] "POST /getContrastResult HTTP/1.1" 200 15
[01/May/2019 03:03:17] "POST /getContrastResult HTTP/1.1" 200 15
[01/May/2019 03:03:19] "POST /getContrastResult HTTP/1.1" 200 15
[01/May/2019 03:03:21] "POST /getContrastResult HTTP/1.1" 200 15
[01/May/2019 03:03:24] "POST /getContrastResult HTTP/1.1" 200 15
[01/May/2019 03:03:27] "POST /getContrastResult HTTP/1.1" 200 15
[01/May/2019 03:03:30] "POST /getContrastResult HTTP/1.1" 200 15
[01/May/2019 03:03:33] "POST /getContrastResult HTTP/1.1" 200 15
[01/May/2019 03:03:36] "POST /getContrastResult HTTP/1.1" 200 15
[01/May/2019 03:03:39] "POST /getContrastResult HTTP/1.1" 200 15
[01/May/2019 03:03:41] "POST /getContrastResult HTTP/1.1" 200 15
[01/May/2019 03:03:43] "POST /getContrastResult HTTP/1.1" 200 15
[01/May/2019 03:03:46] "POST /getContrastResult HTTP/1.1" 200 15
[01/May/2019 03:03:48] "POST /getContrastResult HTTP/1.1" 200 15
[01/May/2019 03:03:50] "POST /getContrastResult HTTP/1.1" 200 15
[01/May/2019 03:03:52] "POST /getContrastResult HTTP/1.1" 200 15
/home/ubuntu/.local/lib/python3.6/site-packages/pymongo/topology.py:150: UserWarning: MongoClient opened before fork. Create MongoClient only after forking. See PyMongo's documentation for details: http://api.mongodb.org/python/current/faq.html#is-pymongo-fork-safe
  "MongoClient opened before fork. Create MongoClient only "
[01/May/2019 03:03:54] "POST /getContrastResult HTTP/1.1" 200 40846
[01/May/2019 03:04:01] "POST /contrastGeneSearch HTTP/1.1" 200 26543
[01/May/2019 03:04:05] "POST /contrastGeneSearch HTTP/1.1" 200 19876
[01/May/2019 03:04:13] "POST /contrastGeneSearch HTTP/1.1" 200 25129
[01/May/2019 03:04:57] "POST /contrastGeneSearch HTTP/1.1" 200 26543
[01/May/2019 03:05:02] "POST /contrastGeneSearch HTTP/1.1" 200 11139
[01/May/2019 03:05:06] "POST /contrastGeneSearch HTTP/1.1" 200 51442
[01/May/2019 03:05:08] "POST /contrastGeneSearch HTTP/1.1" 200 11139
[01/May/2019 03:05:20] "POST /contrastGeneSearch HTTP/1.1" 200 23689
[01/May/2019 03:05:22] "POST /contrastGeneSearch HTTP/1.1" 200 51442
[01/May/2019 03:05:23] "POST /contrastGeneSearch HTTP/1.1" 200 11139
[01/May/2019 03:05:27] "POST /contrastGeneSearch HTTP/1.1" 200 26543
[01/May/2019 03:05:29] "POST /contrastGeneSearch HTTP/1.1" 200 43248
[01/May/2019 03:05:31] "POST /contrastGeneSearch HTTP/1.1" 200 9434
[01/May/2019 03:05:34] "POST /contrastGeneSearch HTTP/1.1" 200 19876
[01/May/2019 03:05:38] "POST /contrastGeneSearch HTTP/1.1" 200 9434
[01/May/2019 03:05:40] "POST /contrastGeneSearch HTTP/1.1" 200 22264
[01/May/2019 03:05:41] "POST /contrastGeneSearch HTTP/1.1" 200 22395
[01/May/2019 03:05:43] "POST /contrastGeneSearch HTTP/1.1" 200 51326
[01/May/2019 03:05:45] "POST /contrastGeneSearch HTTP/1.1" 200 27254
[01/May/2019 03:05:49] "POST /contrastGeneSearch HTTP/1.1" 200 24854
[01/May/2019 03:05:50] "POST /contrastGeneSearch HTTP/1.1" 200 65092
[01/May/2019 03:05:52] "POST /contrastGeneSearch HTTP/1.1" 200 25129
[01/May/2019 03:05:54] "POST /contrastGeneSearch HTTP/1.1" 200 10904
[01/May/2019 03:05:55] "POST /contrastGeneSearch HTTP/1.1" 200 88470
[01/May/2019 03:05:56] "POST /contrastGeneSearch HTTP/1.1" 200 76574
[01/May/2019 03:05:58] "POST /contrastGeneSearch HTTP/1.1" 200 23168
[01/May/2019 03:06:01] "POST /contrastGeneSearch HTTP/1.1" 200 24894
[01/May/2019 03:06:02] "POST /contrastGeneSearch HTTP/1.1" 200 82798
[01/May/2019 03:06:04] "POST /contrastGeneSearch HTTP/1.1" 200 24894
[01/May/2019 03:06:05] "POST /contrastGeneSearch HTTP/1.1" 200 27629
[01/May/2019 03:06:07] "POST /contrastGeneSearch HTTP/1.1" 200 48886
[01/May/2019 03:06:09] "POST /contrastGeneSearch HTTP/1.1" 200 26954
[01/May/2019 03:06:10] "POST /contrastGeneSearch HTTP/1.1" 200 11270
[01/May/2019 03:06:42] "POST /queryClstrType HTTP/1.1" 200 35
[01/May/2019 03:06:42] "POST /getClusterClassification HTTP/1.1" 200 2603
[01/May/2019 03:06:51] "POST /savecluster HTTP/1.1" 200 76
[01/May/2019 03:06:51] "POST /getClstrsByTypeAndMapid HTTP/1.1" 200 8493
[01/May/2019 03:07:09] "POST /updatecluster HTTP/1.1" 200 18
[01/May/2019 03:07:20] "POST /updatecluster HTTP/1.1" 200 18
[01/May/2019 03:07:47] "GET /map/5bfe36bdbef42b0d23956527/ HTTP/1.1" 200 108820
[01/May/2019 03:07:47] "POST /getMapDataByMapId HTTP/1.1" 200 389280
[01/May/2019 03:07:47] "POST /getClstrsByTypeAndMapid HTTP/1.1" 200 8525
[01/May/2019 03:07:49] "GET / HTTP/1.1" 200 5614
[01/May/2019 03:07:49] "POST /getMapInfoByDiseaseCategory HTTP/1.1" 200 465
[01/May/2019 03:07:51] "GET /map/5c8bf53ea05a37a5c7d707ce/ HTTP/1.1" 200 108820
[01/May/2019 03:07:52] "POST /getMapDataByMapId HTTP/1.1" 200 725665
[01/May/2019 03:07:52] "POST /getClstrsByTypeAndMapid HTTP/1.1" 200 56738
[01/May/2019 03:08:02] "POST /genelistSearch HTTP/1.1" 200 525
[01/May/2019 03:08:04] "POST /genelistSearch HTTP/1.1" 200 18281
[01/May/2019 03:08:04] "POST /getGeneSearchPlotDataByclstrType HTTP/1.1" 200 55962
[01/May/2019 03:08:10] "POST /genelistSearch HTTP/1.1" 200 1630
[01/May/2019 03:08:10] "POST /getGeneSearchPlotDataByclstrType HTTP/1.1" 200 55885
[01/May/2019 03:08:12] "POST /genelistSearch HTTP/1.1" 200 18281
[01/May/2019 03:08:12] "POST /getGeneSearchPlotDataByclstrType HTTP/1.1" 200 55962
[01/May/2019 03:08:16] "POST /genelistSearch HTTP/1.1" 200 1547
[01/May/2019 03:08:16] "POST /getGeneSearchPlotDataByclstrType HTTP/1.1" 200 55520
[01/May/2019 03:08:19] "POST /genelistSearch HTTP/1.1" 200 65563
[01/May/2019 03:08:19] "POST /getGeneSearchPlotDataByclstrType HTTP/1.1" 200 56194
[01/May/2019 03:08:20] "POST /genelistSearch HTTP/1.1" 200 18281
[01/May/2019 03:08:21] "POST /getGeneSearchPlotDataByclstrType HTTP/1.1" 200 55962
[01/May/2019 03:08:24] "POST /genelistSearch HTTP/1.1" 200 7564
[01/May/2019 03:08:24] "POST /getGeneSearchPlotDataByclstrType HTTP/1.1" 200 55973
[01/May/2019 03:08:29] "POST /genelistSearch HTTP/1.1" 200 244
[01/May/2019 03:08:29] "POST /getGeneSearchPlotDataByclstrType HTTP/1.1" 200 55115
[01/May/2019 03:08:31] "POST /genelistSearch HTTP/1.1" 200 7111
[01/May/2019 03:08:31] "POST /getGeneSearchPlotDataByclstrType HTTP/1.1" 200 55740
[01/May/2019 03:08:46] "GET /map/5c8bf53ea05a37a5c7d707ce/ HTTP/1.1" 200 108820
[01/May/2019 03:08:46] "POST /getMapDataByMapId HTTP/1.1" 200 725665
[01/May/2019 03:08:46] "POST /getClstrsByTypeAndMapid HTTP/1.1" 200 56738
[01/May/2019 03:08:55] "GET /map/5bfe36bdbef42b0d23956527/ HTTP/1.1" 200 108820
[01/May/2019 03:08:55] "GET /static/lib/jquery-3.2.1.js HTTP/1.1" 304 0
[01/May/2019 03:08:55] "GET /static/lib/d3-scale-chromatic.v1.min.js HTTP/1.1" 304 0
[01/May/2019 03:08:55] "GET /static/lib/d3.v4.js HTTP/1.1" 304 0
[01/May/2019 03:08:55] "GET /static/lib/d3-hsv.v0.1.min.js HTTP/1.1" 304 0
[01/May/2019 03:08:55] "GET /static/lib/jquery-ui-1.12.1.flick/jquery-ui.min.js HTTP/1.1" 304 0
[01/May/2019 03:08:55] "GET /static/lib/jquery-ui-slider-pips/jquery-ui-slider-pips.min.js HTTP/1.1" 304 0
[01/May/2019 03:08:55] "GET /static/lib/selectize/js/standalone/selectize.min.js HTTP/1.1" 304 0
[01/May/2019 03:08:55] "GET /static/lib/slideReveal/jquery.slidereveal.min.js HTTP/1.1" 304 0
[01/May/2019 03:08:55] "GET /static/lib/bgrins-spectrum/spectrum.js HTTP/1.1" 304 0
[01/May/2019 03:08:55] "GET /static/lib/bootstrap-4.1.3/js/bootstrap.bundle.min.js HTTP/1.1" 304 0
[01/May/2019 03:08:55] "GET /static/lib/fontawesome5.8/js/all.min.js HTTP/1.1" 304 0
[01/May/2019 03:08:55] "GET /static/lib/DataTables/datatables.min.js HTTP/1.1" 304 0
[01/May/2019 03:08:55] "GET /static/lib/download.js HTTP/1.1" 304 0
[01/May/2019 03:08:55] "GET /static/js/lasso.js HTTP/1.1" 304 0
[01/May/2019 03:08:56] "POST /getMapDataByMapId HTTP/1.1" 200 389280
[01/May/2019 03:08:56] "POST /getClstrsByTypeAndMapid HTTP/1.1" 200 8525
[01/May/2019 03:08:56] "GET /static/lib/fontawesome5.8/webfonts/fa-solid-900.woff2 HTTP/1.1" 304 0
[01/May/2019 03:09:04] "POST /getClstrsByTypeAndMapid HTTP/1.1" 200 37453
[01/May/2019 03:09:04] "GET /static/lib/fontawesome5.8/webfonts/fa-regular-400.woff2 HTTP/1.1" 304 0
[01/May/2019 03:09:18] "POST /genelistSearch HTTP/1.1" 200 544
[01/May/2019 03:09:19] "POST /genelistSearch HTTP/1.1" 200 35350
[01/May/2019 03:09:19] "POST /getGeneSearchPlotDataByclstrType HTTP/1.1" 200 8565
[01/May/2019 03:09:22] "POST /genelistSearch HTTP/1.1" 200 31762
[01/May/2019 03:09:22] "POST /getGeneSearchPlotDataByclstrType HTTP/1.1" 200 8623
[01/May/2019 03:09:24] "POST /genelistSearch HTTP/1.1" 200 35350
[01/May/2019 03:09:24] "POST /getGeneSearchPlotDataByclstrType HTTP/1.1" 200 8565
[01/May/2019 03:09:33] "POST /genelistSearch HTTP/1.1" 200 31762
[01/May/2019 03:09:33] "POST /getGeneSearchPlotDataByclstrType HTTP/1.1" 200 8623
[01/May/2019 03:09:35] "POST /genelistSearch HTTP/1.1" 200 35350
[01/May/2019 03:09:35] "POST /getGeneSearchPlotDataByclstrType HTTP/1.1" 200 8565
[01/May/2019 03:09:38] "POST /genelistSearch HTTP/1.1" 200 31762
[01/May/2019 03:09:38] "POST /getGeneSearchPlotDataByclstrType HTTP/1.1" 200 8623
[01/May/2019 03:09:39] "POST /genelistSearch HTTP/1.1" 200 35350
[01/May/2019 03:09:39] "POST /getGeneSearchPlotDataByclstrType HTTP/1.1" 200 8565
[01/May/2019 03:09:45] "POST /getClstrsByTypeAndMapid HTTP/1.1" 200 8525
[01/May/2019 03:09:52] "POST /genelistSearch HTTP/1.1" 200 35350
[01/May/2019 03:09:52] "POST /getGeneSearchPlotDataByclstrType HTTP/1.1" 200 8565
[01/May/2019 03:09:57] "POST /genelistSearch HTTP/1.1" 200 35350
[01/May/2019 03:09:57] "POST /getGeneSearchPlotDataByclstrType HTTP/1.1" 200 8565
[01/May/2019 03:09:59] "POST /genelistSearch HTTP/1.1" 200 35350
[01/May/2019 03:09:59] "POST /getGeneSearchPlotDataByclstrType HTTP/1.1" 200 8565
[01/May/2019 03:10:01] "POST /genelistSearch HTTP/1.1" 200 44646
[01/May/2019 03:10:01] "POST /getGeneSearchPlotDataByclstrType HTTP/1.1" 200 8633
[01/May/2019 03:10:02] "GET /map/5bfe36bdbef42b0d23956527/ HTTP/1.1" 200 108820
[01/May/2019 03:10:02] "POST /getMapDataByMapId HTTP/1.1" 200 389280
[01/May/2019 03:10:03] "POST /getClstrsByTypeAndMapid HTTP/1.1" 200 8525
[01/May/2019 03:10:06] "POST /getClstrsByTypeAndMapid HTTP/1.1" 200 37453
[01/May/2019 03:10:32] "POST /contrast HTTP/1.1" 200 35
[01/May/2019 03:10:36] "POST /getContrastResult HTTP/1.1" 200 15
[01/May/2019 03:10:39] "POST /getContrastResult HTTP/1.1" 200 15
[01/May/2019 03:10:41] "POST /getContrastResult HTTP/1.1" 200 15
[01/May/2019 03:10:43] "POST /getContrastResult HTTP/1.1" 200 15
[01/May/2019 03:10:45] "POST /getContrastResult HTTP/1.1" 200 15
[01/May/2019 03:10:47] "POST /getContrastResult HTTP/1.1" 200 15
[01/May/2019 03:10:49] "POST /getContrastResult HTTP/1.1" 200 15
[01/May/2019 03:10:51] "POST /getContrastResult HTTP/1.1" 200 15
[01/May/2019 03:10:53] "POST /getContrastResult HTTP/1.1" 200 15
[01/May/2019 03:10:55] "POST /getContrastResult HTTP/1.1" 200 15
[01/May/2019 03:10:58] "POST /getContrastResult HTTP/1.1" 200 15
[01/May/2019 03:11:00] "POST /getContrastResult HTTP/1.1" 200 15
[01/May/2019 03:11:03] "POST /getContrastResult HTTP/1.1" 200 15
[01/May/2019 03:11:06] "POST /getContrastResult HTTP/1.1" 200 15
[01/May/2019 03:11:09] "POST /getContrastResult HTTP/1.1" 200 15
[01/May/2019 03:11:12] "POST /getContrastResult HTTP/1.1" 200 15
[01/May/2019 03:11:15] "POST /getContrastResult HTTP/1.1" 200 15
[01/May/2019 03:11:18] "POST /getContrastResult HTTP/1.1" 200 15
[01/May/2019 03:11:21] "POST /getContrastResult HTTP/1.1" 200 15
[01/May/2019 03:11:24] "POST /getContrastResult HTTP/1.1" 200 15
[01/May/2019 03:11:27] "POST /getContrastResult HTTP/1.1" 200 15
[01/May/2019 03:11:30] "POST /getContrastResult HTTP/1.1" 200 15
[01/May/2019 03:11:33] "POST /getContrastResult HTTP/1.1" 200 15
[01/May/2019 03:11:36] "POST /getContrastResult HTTP/1.1" 200 15
[01/May/2019 03:11:39] "POST /getContrastResult HTTP/1.1" 200 15
[01/May/2019 03:11:42] "POST /getContrastResult HTTP/1.1" 200 15
[01/May/2019 03:11:45] "POST /getContrastResult HTTP/1.1" 200 15
[01/May/2019 03:11:48] "POST /getContrastResult HTTP/1.1" 200 15
[01/May/2019 03:11:51] "POST /getContrastResult HTTP/1.1" 200 15
[01/May/2019 03:11:54] "POST /getContrastResult HTTP/1.1" 200 15
[01/May/2019 03:11:57] "POST /getContrastResult HTTP/1.1" 200 15
[01/May/2019 03:12:00] "POST /getContrastResult HTTP/1.1" 200 15
[01/May/2019 03:12:03] "POST /getContrastResult HTTP/1.1" 200 15
[01/May/2019 03:12:06] "POST /getContrastResult HTTP/1.1" 200 15
[01/May/2019 03:12:09] "POST /getContrastResult HTTP/1.1" 200 15
[01/May/2019 03:12:12] "POST /getContrastResult HTTP/1.1" 200 15
[01/May/2019 03:12:15] "POST /getContrastResult HTTP/1.1" 200 15
[01/May/2019 03:12:18] "POST /getContrastResult HTTP/1.1" 200 15
[01/May/2019 03:12:21] "POST /getContrastResult HTTP/1.1" 200 15
[01/May/2019 03:12:24] "POST /getContrastResult HTTP/1.1" 200 15
/home/ubuntu/.local/lib/python3.6/site-packages/pymongo/topology.py:150: UserWarning: MongoClient opened before fork. Create MongoClient only after forking. See PyMongo's documentation for details: http://api.mongodb.org/python/current/faq.html#is-pymongo-fork-safe
  "MongoClient opened before fork. Create MongoClient only "
[01/May/2019 03:12:27] "POST /getContrastResult HTTP/1.1" 200 65237
[01/May/2019 03:15:12] "POST /getClstrsByTypeAndMapid HTTP/1.1" 200 52354
[01/May/2019 03:15:16] "POST /getClstrsByTypeAndMapid HTTP/1.1" 200 56738
[01/May/2019 03:15:22] "POST /genelistSearch HTTP/1.1" 200 525
[01/May/2019 03:15:23] "POST /genelistSearch HTTP/1.1" 200 65563
[01/May/2019 03:15:23] "POST /getGeneSearchPlotDataByclstrType HTTP/1.1" 200 56194
[01/May/2019 03:17:17] "GET /map/5c8bf53ea05a37a5c7d707ce/ HTTP/1.1" 200 108820
[01/May/2019 03:17:18] "POST /getMapDataByMapId HTTP/1.1" 200 725665
[01/May/2019 03:17:18] "POST /getClstrsByTypeAndMapid HTTP/1.1" 200 56738
[01/May/2019 03:17:36] "POST /genelistSearch HTTP/1.1" 200 525
[01/May/2019 03:17:38] "POST /genelistSearch HTTP/1.1" 200 18281
[01/May/2019 03:17:38] "POST /getGeneSearchPlotDataByclstrType HTTP/1.1" 200 55962
[01/May/2019 03:17:41] "POST /genelistSearch HTTP/1.1" 200 18227
[01/May/2019 03:17:42] "POST /getGeneSearchPlotDataByclstrType HTTP/1.1" 200 56013
[01/May/2019 03:17:44] "POST /genelistSearch HTTP/1.1" 200 17787
[01/May/2019 03:17:44] "POST /getGeneSearchPlotDataByclstrType HTTP/1.1" 200 56064
[01/May/2019 03:17:46] "POST /genelistSearch HTTP/1.1" 200 1547
[01/May/2019 03:17:46] "POST /getGeneSearchPlotDataByclstrType HTTP/1.1" 200 55520
[01/May/2019 03:17:50] "POST /genelistSearch HTTP/1.1" 200 1630
[01/May/2019 03:17:50] "POST /getGeneSearchPlotDataByclstrType HTTP/1.1" 200 55885
[01/May/2019 03:17:53] "POST /genelistSearch HTTP/1.1" 200 19034
[01/May/2019 03:17:54] "POST /getGeneSearchPlotDataByclstrType HTTP/1.1" 200 56114
[01/May/2019 03:18:00] "POST /genelistSearch HTTP/1.1" 200 360
[01/May/2019 03:18:01] "POST /getGeneSearchPlotDataByclstrType HTTP/1.1" 200 55278
[01/May/2019 03:18:03] "POST /genelistSearch HTTP/1.1" 200 14422
[01/May/2019 03:18:03] "POST /getGeneSearchPlotDataByclstrType HTTP/1.1" 200 56080
[01/May/2019 03:18:08] "POST /genelistSearch HTTP/1.1" 200 1315
[01/May/2019 03:18:08] "POST /getGeneSearchPlotDataByclstrType HTTP/1.1" 200 56017
[01/May/2019 03:18:11] "POST /genelistSearch HTTP/1.1" 200 8127
[01/May/2019 03:18:11] "POST /getGeneSearchPlotDataByclstrType HTTP/1.1" 200 55948
[01/May/2019 03:18:24] "POST /genelistSearch HTTP/1.1" 200 704
[01/May/2019 03:18:26] "POST /genelistSearch HTTP/1.1" 200 2409
[01/May/2019 03:18:26] "POST /genelistSearch HTTP/1.1" 200 2409
[01/May/2019 03:18:26] "POST /getGeneSearchPlotDataByclstrType HTTP/1.1" 200 55686
[01/May/2019 03:18:26] "POST /getGeneSearchPlotDataByclstrType HTTP/1.1" 200 55686
[01/May/2019 03:18:28] "POST /genelistSearch HTTP/1.1" 200 17481
[01/May/2019 03:18:28] "POST /genelistSearch HTTP/1.1" 200 17481
[01/May/2019 03:18:29] "POST /getGeneSearchPlotDataByclstrType HTTP/1.1" 200 56110
[01/May/2019 03:18:29] "POST /getGeneSearchPlotDataByclstrType HTTP/1.1" 200 56110
[01/May/2019 03:18:31] "POST /genelistSearch HTTP/1.1" 200 101
[01/May/2019 03:18:31] "POST /genelistSearch HTTP/1.1" 200 101
[01/May/2019 03:18:31] "POST /getGeneSearchPlotDataByclstrType HTTP/1.1" 200 55085
[01/May/2019 03:18:31] "POST /getGeneSearchPlotDataByclstrType HTTP/1.1" 200 55085
[01/May/2019 03:18:34] "POST /genelistSearch HTTP/1.1" 200 119
[01/May/2019 03:18:34] "POST /genelistSearch HTTP/1.1" 200 119
[01/May/2019 03:18:34] "POST /getGeneSearchPlotDataByclstrType HTTP/1.1" 200 55056
[01/May/2019 03:18:34] "POST /getGeneSearchPlotDataByclstrType HTTP/1.1" 200 55056
[01/May/2019 03:18:37] "POST /genelistSearch HTTP/1.1" 200 15265
[01/May/2019 03:18:37] "POST /genelistSearch HTTP/1.1" 200 15265
[01/May/2019 03:18:37] "POST /getGeneSearchPlotDataByclstrType HTTP/1.1" 200 55987
[01/May/2019 03:18:37] "POST /getGeneSearchPlotDataByclstrType HTTP/1.1" 200 55987
[01/May/2019 03:18:41] "POST /genelistSearch HTTP/1.1" 200 3566
[01/May/2019 03:18:41] "POST /genelistSearch HTTP/1.1" 200 3566
[01/May/2019 03:18:41] "POST /getGeneSearchPlotDataByclstrType HTTP/1.1" 200 55731
[01/May/2019 03:18:41] "POST /getGeneSearchPlotDataByclstrType HTTP/1.1" 200 55731
[01/May/2019 03:18:44] "POST /genelistSearch HTTP/1.1" 200 2410
[01/May/2019 03:18:44] "POST /genelistSearch HTTP/1.1" 200 2410
[01/May/2019 03:18:44] "POST /getGeneSearchPlotDataByclstrType HTTP/1.1" 200 55641
[01/May/2019 03:18:44] "POST /getGeneSearchPlotDataByclstrType HTTP/1.1" 200 55641
[01/May/2019 03:18:45] "POST /genelistSearch HTTP/1.1" 200 3655
[01/May/2019 03:18:45] "POST /genelistSearch HTTP/1.1" 200 3655
[01/May/2019 03:18:45] "POST /getGeneSearchPlotDataByclstrType HTTP/1.1" 200 56025
[01/May/2019 03:18:45] "POST /getGeneSearchPlotDataByclstrType HTTP/1.1" 200 56025
[01/May/2019 03:18:48] "POST /genelistSearch HTTP/1.1" 200 1876
[01/May/2019 03:18:48] "POST /genelistSearch HTTP/1.1" 200 1876
[01/May/2019 03:18:48] "POST /getGeneSearchPlotDataByclstrType HTTP/1.1" 200 55854
[01/May/2019 03:18:48] "POST /getGeneSearchPlotDataByclstrType HTTP/1.1" 200 55854
[01/May/2019 03:22:17] "GET /map/5c8bf53ea05a37a5c7d707ce/ HTTP/1.1" 200 108820
[01/May/2019 03:22:17] "POST /getMapDataByMapId HTTP/1.1" 200 725665
[01/May/2019 03:22:18] "POST /getClstrsByTypeAndMapid HTTP/1.1" 200 56738
[01/May/2019 03:22:51] "POST /genelistSearch HTTP/1.1" 200 525
[01/May/2019 03:22:55] "POST /genelistSearch HTTP/1.1" 200 18281
[01/May/2019 03:22:55] "POST /getGeneSearchPlotDataByclstrType HTTP/1.1" 200 55962
[01/May/2019 03:22:57] "POST /genelistSearch HTTP/1.1" 200 17361
[01/May/2019 03:22:57] "POST /getGeneSearchPlotDataByclstrType HTTP/1.1" 200 56079
[01/May/2019 03:22:59] "POST /genelistSearch HTTP/1.1" 200 18227
[01/May/2019 03:22:59] "POST /getGeneSearchPlotDataByclstrType HTTP/1.1" 200 56013
[01/May/2019 03:23:01] "POST /genelistSearch HTTP/1.1" 200 17787
[01/May/2019 03:23:01] "POST /getGeneSearchPlotDataByclstrType HTTP/1.1" 200 56064
[01/May/2019 03:23:03] "POST /genelistSearch HTTP/1.1" 200 1547
[01/May/2019 03:23:03] "POST /getGeneSearchPlotDataByclstrType HTTP/1.1" 200 55520
[01/May/2019 03:23:05] "POST /genelistSearch HTTP/1.1" 200 47732
[01/May/2019 03:23:05] "POST /getGeneSearchPlotDataByclstrType HTTP/1.1" 200 56126
[01/May/2019 03:23:11] "POST /genelistSearch HTTP/1.1" 200 20571
[01/May/2019 03:23:11] "POST /getGeneSearchPlotDataByclstrType HTTP/1.1" 200 56021
[01/May/2019 03:23:14] "POST /genelistSearch HTTP/1.1" 200 1936
[01/May/2019 03:23:14] "POST /getGeneSearchPlotDataByclstrType HTTP/1.1" 200 55648
[01/May/2019 03:23:18] "POST /genelistSearch HTTP/1.1" 200 166
[01/May/2019 03:23:18] "POST /getGeneSearchPlotDataByclstrType HTTP/1.1" 200 55144
[01/May/2019 03:23:21] "POST /genelistSearch HTTP/1.1" 200 8127
[01/May/2019 03:23:21] "POST /getGeneSearchPlotDataByclstrType HTTP/1.1" 200 55948
[01/May/2019 03:23:30] "POST /getGeneSearchPlotDataByclstrType HTTP/1.1" 200 55948
[01/May/2019 03:23:36] "POST /getGeneSearchPlotDataByclstrType HTTP/1.1" 200 50325
[01/May/2019 03:23:40] "POST /getGeneSearchPlotDataByclstrType HTTP/1.1" 200 55948
[01/May/2019 03:24:04] "GET /map/5c8bf53ea05a37a5c7d707ce/ HTTP/1.1" 200 108820
[01/May/2019 03:24:04] "POST /getMapDataByMapId HTTP/1.1" 200 725665
[01/May/2019 03:24:04] "POST /getClstrsByTypeAndMapid HTTP/1.1" 200 56738
[01/May/2019 03:24:22] "POST /genelistSearch HTTP/1.1" 200 525
[01/May/2019 03:24:25] "POST /genelistSearch HTTP/1.1" 200 18281
[01/May/2019 03:24:25] "POST /getGeneSearchPlotDataByclstrType HTTP/1.1" 200 55962
[01/May/2019 03:24:26] "POST /genelistSearch HTTP/1.1" 200 17361
[01/May/2019 03:24:27] "POST /getGeneSearchPlotDataByclstrType HTTP/1.1" 200 56079
[01/May/2019 03:24:31] "POST /genelistSearch HTTP/1.1" 200 17787
[01/May/2019 03:24:31] "POST /getGeneSearchPlotDataByclstrType HTTP/1.1" 200 56064
[01/May/2019 03:24:34] "POST /genelistSearch HTTP/1.1" 200 7111
[01/May/2019 03:24:34] "POST /getGeneSearchPlotDataByclstrType HTTP/1.1" 200 55740
[01/May/2019 03:24:36] "POST /genelistSearch HTTP/1.1" 200 1547
[01/May/2019 03:24:36] "POST /getGeneSearchPlotDataByclstrType HTTP/1.1" 200 55520
[01/May/2019 03:24:40] "POST /genelistSearch HTTP/1.1" 200 88561
[01/May/2019 03:24:40] "POST /getGeneSearchPlotDataByclstrType HTTP/1.1" 200 56089
[01/May/2019 03:24:44] "POST /genelistSearch HTTP/1.1" 200 8127
[01/May/2019 03:24:44] "POST /getGeneSearchPlotDataByclstrType HTTP/1.1" 200 55948
[01/May/2019 03:24:58] "POST /genelistSearch HTTP/1.1" 200 704
[01/May/2019 03:24:59] "POST /genelistSearch HTTP/1.1" 200 2409
[01/May/2019 03:24:59] "POST /genelistSearch HTTP/1.1" 200 2409
[01/May/2019 03:24:59] "POST /getGeneSearchPlotDataByclstrType HTTP/1.1" 200 55686
[01/May/2019 03:24:59] "POST /getGeneSearchPlotDataByclstrType HTTP/1.1" 200 55686
[01/May/2019 03:25:02] "POST /genelistSearch HTTP/1.1" 200 1876
[01/May/2019 03:25:02] "POST /genelistSearch HTTP/1.1" 200 1876
[01/May/2019 03:25:02] "POST /getGeneSearchPlotDataByclstrType HTTP/1.1" 200 55854
[01/May/2019 03:25:03] "POST /getGeneSearchPlotDataByclstrType HTTP/1.1" 200 55854
[01/May/2019 03:25:08] "POST /genelistSearch HTTP/1.1" 200 101
[01/May/2019 03:25:08] "POST /genelistSearch HTTP/1.1" 200 101
[01/May/2019 03:25:08] "POST /getGeneSearchPlotDataByclstrType HTTP/1.1" 200 55085
[01/May/2019 03:25:08] "POST /getGeneSearchPlotDataByclstrType HTTP/1.1" 200 55085
[01/May/2019 03:25:11] "POST /genelistSearch HTTP/1.1" 200 3566
[01/May/2019 03:25:11] "POST /genelistSearch HTTP/1.1" 200 3566
[01/May/2019 03:25:11] "POST /getGeneSearchPlotDataByclstrType HTTP/1.1" 200 55731
[01/May/2019 03:25:11] "POST /getGeneSearchPlotDataByclstrType HTTP/1.1" 200 55731
[01/May/2019 03:25:26] "GET /map/5c8bf53ea05a37a5c7d707ce/ HTTP/1.1" 200 108820
[01/May/2019 03:25:26] "POST /getMapDataByMapId HTTP/1.1" 200 725665
[01/May/2019 03:25:26] "POST /getClstrsByTypeAndMapid HTTP/1.1" 200 56738
[01/May/2019 03:25:40] "POST /genelistSearch HTTP/1.1" 200 525
[01/May/2019 03:25:43] "POST /genelistSearch HTTP/1.1" 200 18281
[01/May/2019 03:25:43] "POST /getGeneSearchPlotDataByclstrType HTTP/1.1" 200 55962
[01/May/2019 03:25:44] "POST /genelistSearch HTTP/1.1" 200 17361
[01/May/2019 03:25:44] "POST /getGeneSearchPlotDataByclstrType HTTP/1.1" 200 56079
[01/May/2019 03:25:45] "POST /genelistSearch HTTP/1.1" 200 18227
[01/May/2019 03:25:45] "POST /getGeneSearchPlotDataByclstrType HTTP/1.1" 200 56013
[01/May/2019 03:25:46] "POST /genelistSearch HTTP/1.1" 200 17787
[01/May/2019 03:25:46] "POST /getGeneSearchPlotDataByclstrType HTTP/1.1" 200 56064
[01/May/2019 03:25:47] "POST /genelistSearch HTTP/1.1" 200 47732
[01/May/2019 03:25:47] "POST /getGeneSearchPlotDataByclstrType HTTP/1.1" 200 56126
[01/May/2019 03:25:49] "POST /genelistSearch HTTP/1.1" 200 641
[01/May/2019 03:25:49] "POST /getGeneSearchPlotDataByclstrType HTTP/1.1" 200 55285
[01/May/2019 03:25:52] "POST /genelistSearch HTTP/1.1" 200 8127
[01/May/2019 03:25:52] "POST /getGeneSearchPlotDataByclstrType HTTP/1.1" 200 55948
[01/May/2019 03:25:55] "POST /genelistSearch HTTP/1.1" 200 9790
[01/May/2019 03:25:55] "POST /getGeneSearchPlotDataByclstrType HTTP/1.1" 200 55951
[01/May/2019 03:25:57] "POST /genelistSearch HTTP/1.1" 200 20571
[01/May/2019 03:25:57] "POST /getGeneSearchPlotDataByclstrType HTTP/1.1" 200 56021
[01/May/2019 03:26:04] "POST /genelistSearch HTTP/1.1" 200 704
[01/May/2019 03:26:08] "POST /genelistSearch HTTP/1.1" 200 3566
[01/May/2019 03:26:08] "POST /genelistSearch HTTP/1.1" 200 3566
[01/May/2019 03:26:08] "POST /getGeneSearchPlotDataByclstrType HTTP/1.1" 200 55731
[01/May/2019 03:26:08] "POST /getGeneSearchPlotDataByclstrType HTTP/1.1" 200 55731
[01/May/2019 03:26:24] "POST /getGeneSearchPlotDataByclstrType HTTP/1.1" 200 55731
[01/May/2019 03:27:47] "GET /map/5c8bf53ea05a37a5c7d707ce/ HTTP/1.1" 200 108820
[01/May/2019 03:27:48] "POST /getMapDataByMapId HTTP/1.1" 200 725665
[01/May/2019 03:27:48] "POST /getClstrsByTypeAndMapid HTTP/1.1" 200 56738
[01/May/2019 03:28:00] "POST /genelistSearch HTTP/1.1" 200 525
[01/May/2019 03:28:02] "POST /genelistSearch HTTP/1.1" 200 18281
[01/May/2019 03:28:02] "POST /getGeneSearchPlotDataByclstrType HTTP/1.1" 200 55962
[01/May/2019 03:28:03] "POST /genelistSearch HTTP/1.1" 200 17361
[01/May/2019 03:28:03] "POST /getGeneSearchPlotDataByclstrType HTTP/1.1" 200 56079
[01/May/2019 03:28:04] "POST /genelistSearch HTTP/1.1" 200 17787
[01/May/2019 03:28:04] "POST /getGeneSearchPlotDataByclstrType HTTP/1.1" 200 56064
[01/May/2019 03:28:08] "POST /genelistSearch HTTP/1.1" 200 8127
[01/May/2019 03:28:08] "POST /getGeneSearchPlotDataByclstrType HTTP/1.1" 200 55948
[01/May/2019 03:28:16] "POST /genelistSearch HTTP/1.1" 200 388
[01/May/2019 03:28:18] "POST /genelistSearch HTTP/1.1" 200 2409
[01/May/2019 03:28:18] "POST /genelistSearch HTTP/1.1" 200 2409
[01/May/2019 03:28:18] "POST /getGeneSearchPlotDataByclstrType HTTP/1.1" 200 55686
[01/May/2019 03:28:18] "POST /getGeneSearchPlotDataByclstrType HTTP/1.1" 200 55686
[01/May/2019 03:28:20] "POST /genelistSearch HTTP/1.1" 200 3566
[01/May/2019 03:28:20] "POST /genelistSearch HTTP/1.1" 200 3566
[01/May/2019 03:28:20] "POST /getGeneSearchPlotDataByclstrType HTTP/1.1" 200 55731
[01/May/2019 03:28:20] "POST /getGeneSearchPlotDataByclstrType HTTP/1.1" 200 55731
[01/May/2019 03:28:26] "POST /getGeneSearchPlotDataByclstrType HTTP/1.1" 200 55731
[01/May/2019 03:28:32] "POST /getGeneSearchPlotDataByclstrType HTTP/1.1" 200 50309
[01/May/2019 03:29:37] "GET /map/5c8bf53ea05a37a5c7d707ce/ HTTP/1.1" 200 108820
[01/May/2019 03:29:37] "POST /getMapDataByMapId HTTP/1.1" 200 725665
[01/May/2019 03:29:38] "POST /getClstrsByTypeAndMapid HTTP/1.1" 200 56738
[01/May/2019 03:29:57] "POST /genelistSearch HTTP/1.1" 200 525
[01/May/2019 03:29:58] "POST /genelistSearch HTTP/1.1" 200 18281
[01/May/2019 03:29:58] "POST /getGeneSearchPlotDataByclstrType HTTP/1.1" 200 55962
[01/May/2019 03:29:59] "POST /genelistSearch HTTP/1.1" 200 17361
[01/May/2019 03:29:59] "POST /getGeneSearchPlotDataByclstrType HTTP/1.1" 200 56079
[01/May/2019 03:30:00] "POST /genelistSearch HTTP/1.1" 200 17787
[01/May/2019 03:30:00] "POST /getGeneSearchPlotDataByclstrType HTTP/1.1" 200 56064
[01/May/2019 03:30:03] "POST /genelistSearch HTTP/1.1" 200 8127
[01/May/2019 03:30:03] "POST /getGeneSearchPlotDataByclstrType HTTP/1.1" 200 55948
[01/May/2019 03:30:11] "POST /genelistSearch HTTP/1.1" 200 704
[01/May/2019 03:30:12] "POST /genelistSearch HTTP/1.1" 200 2409
[01/May/2019 03:30:12] "POST /genelistSearch HTTP/1.1" 200 2409
[01/May/2019 03:30:13] "POST /getGeneSearchPlotDataByclstrType HTTP/1.1" 200 55686
[01/May/2019 03:30:13] "POST /getGeneSearchPlotDataByclstrType HTTP/1.1" 200 55686
[01/May/2019 03:30:14] "POST /genelistSearch HTTP/1.1" 200 3566
[01/May/2019 03:30:14] "POST /genelistSearch HTTP/1.1" 200 3566
[01/May/2019 03:30:14] "POST /getGeneSearchPlotDataByclstrType HTTP/1.1" 200 55731
[01/May/2019 03:30:14] "POST /getGeneSearchPlotDataByclstrType HTTP/1.1" 200 55731
[01/May/2019 03:30:27] "POST /genelistSearch HTTP/1.1" 200 8393
[01/May/2019 03:32:23] "GET /map/5c8bf53ea05a37a5c7d707ce/ HTTP/1.1" 200 108820
[01/May/2019 03:32:24] "POST /getMapDataByMapId HTTP/1.1" 200 725665
[01/May/2019 03:32:24] "POST /getClstrsByTypeAndMapid HTTP/1.1" 200 56738
[01/May/2019 03:33:05] "POST /genelistSearch HTTP/1.1" 200 704
[01/May/2019 03:33:07] "POST /genelistSearch HTTP/1.1" 200 17481
[01/May/2019 03:33:07] "POST /getGeneSearchPlotDataByclstrType HTTP/1.1" 200 56110
[01/May/2019 03:33:10] "POST /getGeneSearchPlotDataByclstrType HTTP/1.1" 200 50344
[01/May/2019 03:33:19] "POST /getGeneSearchPlotDataByclstrType HTTP/1.1" 200 50344
[01/May/2019 03:33:24] "POST /genelistSearch HTTP/1.1" 200 101
[01/May/2019 03:33:24] "POST /getGeneSearchPlotDataByclstrType HTTP/1.1" 200 55085
[01/May/2019 03:33:26] "POST /genelistSearch HTTP/1.1" 200 119
[01/May/2019 03:33:26] "POST /getGeneSearchPlotDataByclstrType HTTP/1.1" 200 55056
[01/May/2019 03:33:28] "POST /genelistSearch HTTP/1.1" 200 277
[01/May/2019 03:33:28] "POST /getGeneSearchPlotDataByclstrType HTTP/1.1" 200 55378
[01/May/2019 03:33:29] "POST /genelistSearch HTTP/1.1" 200 2528
[01/May/2019 03:33:29] "POST /getGeneSearchPlotDataByclstrType HTTP/1.1" 200 55568
[01/May/2019 03:33:30] "POST /genelistSearch HTTP/1.1" 200 17481
[01/May/2019 03:33:30] "POST /getGeneSearchPlotDataByclstrType HTTP/1.1" 200 56110
[01/May/2019 03:33:35] "POST /getGeneSearchPlotDataByclstrType HTTP/1.1" 200 50344
[01/May/2019 03:33:38] "POST /genelistSearch HTTP/1.1" 200 15265
[01/May/2019 03:33:38] "POST /getGeneSearchPlotDataByclstrType HTTP/1.1" 200 55987
[01/May/2019 03:33:42] "POST /getGeneSearchPlotDataByclstrType HTTP/1.1" 200 50345
[01/May/2019 03:33:47] "POST /genelistSearch HTTP/1.1" 200 9948
[01/May/2019 03:33:47] "POST /getGeneSearchPlotDataByclstrType HTTP/1.1" 200 56035
[01/May/2019 03:33:49] "POST /genelistSearch HTTP/1.1" 200 2824
[01/May/2019 03:33:49] "POST /getGeneSearchPlotDataByclstrType HTTP/1.1" 200 56091
[01/May/2019 03:33:52] "POST /genelistSearch HTTP/1.1" 200 1481
[01/May/2019 03:33:52] "POST /getGeneSearchPlotDataByclstrType HTTP/1.1" 200 55785
[01/May/2019 03:33:54] "POST /getGeneSearchPlotDataByclstrType HTTP/1.1" 200 50309
[01/May/2019 03:34:09] "POST /genelistSearch HTTP/1.1" 200 16424
[01/May/2019 03:34:09] "POST /getGeneSearchPlotDataByclstrType HTTP/1.1" 200 56142
[01/May/2019 03:34:22] "POST /genelistSearch HTTP/1.1" 200 2409
[01/May/2019 03:34:22] "POST /getGeneSearchPlotDataByclstrType HTTP/1.1" 200 55686
[01/May/2019 03:34:25] "POST /getGeneSearchPlotDataByclstrType HTTP/1.1" 200 50340
[01/May/2019 03:34:42] "POST /genelistSearch HTTP/1.1" 200 704
[01/May/2019 03:34:44] "POST /genelistSearch HTTP/1.1" 200 2409
[01/May/2019 03:34:44] "POST /genelistSearch HTTP/1.1" 200 2409
[01/May/2019 03:34:44] "POST /getGeneSearchPlotDataByclstrType HTTP/1.1" 200 55686
[01/May/2019 03:34:44] "POST /getGeneSearchPlotDataByclstrType HTTP/1.1" 200 55686
[01/May/2019 03:34:47] "POST /genelistSearch HTTP/1.1" 200 4681
[01/May/2019 03:34:47] "POST /genelistSearch HTTP/1.1" 200 4681
[01/May/2019 03:34:47] "POST /getGeneSearchPlotDataByclstrType HTTP/1.1" 200 55669
[01/May/2019 03:34:47] "POST /getGeneSearchPlotDataByclstrType HTTP/1.1" 200 55669
[01/May/2019 03:34:49] "POST /getGeneSearchPlotDataByclstrType HTTP/1.1" 200 50361
[01/May/2019 03:34:52] "POST /genelistSearch HTTP/1.1" 200 2409
[01/May/2019 03:34:52] "POST /genelistSearch HTTP/1.1" 200 2409
[01/May/2019 03:34:52] "POST /getGeneSearchPlotDataByclstrType HTTP/1.1" 200 55686
[01/May/2019 03:34:52] "POST /getGeneSearchPlotDataByclstrType HTTP/1.1" 200 55686
[01/May/2019 03:34:54] "POST /getGeneSearchPlotDataByclstrType HTTP/1.1" 200 50340
[01/May/2019 03:35:05] "POST /genelistSearch HTTP/1.1" 200 12594
[01/May/2019 03:35:05] "POST /genelistSearch HTTP/1.1" 200 12594
[01/May/2019 03:35:05] "POST /getGeneSearchPlotDataByclstrType HTTP/1.1" 200 55998
[01/May/2019 03:35:05] "POST /getGeneSearchPlotDataByclstrType HTTP/1.1" 200 55998
[01/May/2019 03:35:06] "POST /getGeneSearchPlotDataByclstrType HTTP/1.1" 200 50307
[01/May/2019 03:35:08] "POST /genelistSearch HTTP/1.1" 200 14641
[01/May/2019 03:35:08] "POST /genelistSearch HTTP/1.1" 200 14641
[01/May/2019 03:35:08] "POST /getGeneSearchPlotDataByclstrType HTTP/1.1" 200 56123
[01/May/2019 03:35:09] "POST /getGeneSearchPlotDataByclstrType HTTP/1.1" 200 56123
[01/May/2019 03:35:11] "POST /genelistSearch HTTP/1.1" 200 294
[01/May/2019 03:35:11] "POST /genelistSearch HTTP/1.1" 200 294
[01/May/2019 03:35:11] "POST /getGeneSearchPlotDataByclstrType HTTP/1.1" 200 55102
[01/May/2019 03:35:11] "POST /getGeneSearchPlotDataByclstrType HTTP/1.1" 200 55102
[01/May/2019 03:35:15] "POST /genelistSearch HTTP/1.1" 200 4681
[01/May/2019 03:35:15] "POST /genelistSearch HTTP/1.1" 200 4681
[01/May/2019 03:35:15] "POST /getGeneSearchPlotDataByclstrType HTTP/1.1" 200 55669
[01/May/2019 03:35:15] "POST /getGeneSearchPlotDataByclstrType HTTP/1.1" 200 55669
[01/May/2019 03:35:32] "GET /map/5c8bf53ea05a37a5c7d707ce/ HTTP/1.1" 200 108820
[01/May/2019 03:35:33] "POST /getMapDataByMapId HTTP/1.1" 200 725665
[01/May/2019 03:35:33] "POST /getClstrsByTypeAndMapid HTTP/1.1" 200 56738
[01/May/2019 03:35:35] "GET / HTTP/1.1" 200 5614
[01/May/2019 03:35:36] "POST /getMapInfoByDiseaseCategory HTTP/1.1" 200 465
[01/May/2019 03:35:54] "GET /map/5bfe36bdbef42b0d23956527/ HTTP/1.1" 200 108820
[01/May/2019 03:35:55] "POST /getMapDataByMapId HTTP/1.1" 200 389280
[01/May/2019 03:35:55] "POST /getClstrsByTypeAndMapid HTTP/1.1" 200 8525
[01/May/2019 03:35:59] "GET / HTTP/1.1" 200 5614
[01/May/2019 03:35:59] "POST /getMapInfoByDiseaseCategory HTTP/1.1" 200 465
[01/May/2019 03:36:08] "GET / HTTP/1.1" 200 5614
[01/May/2019 03:36:08] "POST /getMapInfoByDiseaseCategory HTTP/1.1" 200 465
[01/May/2019 03:36:37] "GET / HTTP/1.1" 200 5614
[01/May/2019 03:36:37] "POST /getMapInfoByDiseaseCategory HTTP/1.1" 200 465
[01/May/2019 03:36:50] "GET /map/5c8bf53ea05a37a5c7d707ce/ HTTP/1.1" 200 108820
[01/May/2019 03:36:50] "POST /getMapDataByMapId HTTP/1.1" 200 725665
[01/May/2019 03:36:51] "POST /getClstrsByTypeAndMapid HTTP/1.1" 200 56738
[01/May/2019 03:37:21] "POST /getMapInfoByDiseaseCategory HTTP/1.1" 200 465
[01/May/2019 03:37:23] "GET / HTTP/1.1" 200 5614
[01/May/2019 03:37:24] "POST /getMapInfoByDiseaseCategory HTTP/1.1" 200 465
[01/May/2019 03:37:40] "GET /map/5c8bf53ea05a37a5c7d707ce/ HTTP/1.1" 200 108820
[01/May/2019 03:37:40] "POST /getMapDataByMapId HTTP/1.1" 200 725665
[01/May/2019 03:37:41] "POST /getClstrsByTypeAndMapid HTTP/1.1" 200 56738
[01/May/2019 03:37:44] "POST /genelistSearch HTTP/1.1" 200 525
[01/May/2019 03:38:02] "GET /map/5c8bf53ea05a37a5c7d707ce/ HTTP/1.1" 200 108820
[01/May/2019 03:38:02] "POST /getMapDataByMapId HTTP/1.1" 200 725665
[01/May/2019 03:38:03] "POST /getClstrsByTypeAndMapid HTTP/1.1" 200 56738
[01/May/2019 03:38:16] "GET /map/5c8bf53ea05a37a5c7d707ce/ HTTP/1.1" 200 108820
[01/May/2019 03:38:17] "POST /getMapDataByMapId HTTP/1.1" 200 725665
[01/May/2019 03:38:17] "POST /getClstrsByTypeAndMapid HTTP/1.1" 200 56738
[01/May/2019 03:38:22] "POST /getMapInfoByDiseaseCategory HTTP/1.1" 200 465
[01/May/2019 03:38:37] "GET /map/5c8bf53ea05a37a5c7d707ce/ HTTP/1.1" 200 108820
[01/May/2019 03:38:38] "POST /getMapDataByMapId HTTP/1.1" 200 725665
[01/May/2019 03:38:38] "POST /getClstrsByTypeAndMapid HTTP/1.1" 200 56738
[01/May/2019 03:38:42] "POST /genelistSearch HTTP/1.1" 200 525
[01/May/2019 03:38:43] "POST /genelistSearch HTTP/1.1" 200 18281
[01/May/2019 03:38:43] "POST /getGeneSearchPlotDataByclstrType HTTP/1.1" 200 55962
[01/May/2019 03:38:45] "POST /genelistSearch HTTP/1.1" 200 18227
[01/May/2019 03:38:45] "POST /getGeneSearchPlotDataByclstrType HTTP/1.1" 200 56013
[01/May/2019 03:38:45] "POST /genelistSearch HTTP/1.1" 200 17787
[01/May/2019 03:38:45] "POST /getGeneSearchPlotDataByclstrType HTTP/1.1" 200 56064
[01/May/2019 03:38:48] "POST /genelistSearch HTTP/1.1" 200 8127
[01/May/2019 03:38:48] "POST /getGeneSearchPlotDataByclstrType HTTP/1.1" 200 55948
[01/May/2019 03:38:56] "POST /getGeneSearchPlotDataByclstrType HTTP/1.1" 200 50859
[01/May/2019 03:38:59] "POST /getGeneSearchPlotDataByclstrType HTTP/1.1" 200 50325
[01/May/2019 03:39:02] "POST /getGeneSearchPlotDataByclstrType HTTP/1.1" 200 50325
[01/May/2019 03:39:17] "POST /genelistSearch HTTP/1.1" 200 704
[01/May/2019 03:39:21] "POST /genelistSearch HTTP/1.1" 200 2409
[01/May/2019 03:39:21] "POST /genelistSearch HTTP/1.1" 200 2409
[01/May/2019 03:39:22] "POST /getGeneSearchPlotDataByclstrType HTTP/1.1" 200 55686
[01/May/2019 03:39:22] "POST /getGeneSearchPlotDataByclstrType HTTP/1.1" 200 55686
[01/May/2019 03:39:37] "POST /genelistSearch HTTP/1.1" 200 9270
[01/May/2019 03:40:38] "GET /map/5c8bf53ea05a37a5c7d707ce/ HTTP/1.1" 200 108820
[01/May/2019 03:40:39] "POST /getMapDataByMapId HTTP/1.1" 200 725665
[01/May/2019 03:40:39] "POST /getClstrsByTypeAndMapid HTTP/1.1" 200 56738
[01/May/2019 03:40:42] "GET / HTTP/1.1" 200 5614
[01/May/2019 03:40:42] "POST /getMapInfoByDiseaseCategory HTTP/1.1" 200 465
[01/May/2019 03:40:54] "GET /map/5c8bf53ea05a37a5c7d707ce/ HTTP/1.1" 200 108820
[01/May/2019 03:40:55] "POST /getMapDataByMapId HTTP/1.1" 200 725665
[01/May/2019 03:40:55] "POST /getClstrsByTypeAndMapid HTTP/1.1" 200 56738
[01/May/2019 03:40:59] "POST /genelistSearch HTTP/1.1" 200 525
[01/May/2019 03:41:00] "POST /genelistSearch HTTP/1.1" 200 18281
[01/May/2019 03:41:00] "POST /getGeneSearchPlotDataByclstrType HTTP/1.1" 200 55962
[01/May/2019 03:41:01] "POST /genelistSearch HTTP/1.1" 200 17361
[01/May/2019 03:41:01] "POST /getGeneSearchPlotDataByclstrType HTTP/1.1" 200 56079
[01/May/2019 03:41:03] "POST /genelistSearch HTTP/1.1" 200 7564
[01/May/2019 03:41:03] "POST /getGeneSearchPlotDataByclstrType HTTP/1.1" 200 55973
[01/May/2019 03:41:07] "POST /genelistSearch HTTP/1.1" 200 8127
[01/May/2019 03:41:07] "POST /getGeneSearchPlotDataByclstrType HTTP/1.1" 200 55948
[01/May/2019 03:41:14] "POST /genelistSearch HTTP/1.1" 200 704
[01/May/2019 03:41:16] "POST /genelistSearch HTTP/1.1" 200 2409
[01/May/2019 03:41:16] "POST /genelistSearch HTTP/1.1" 200 2409
[01/May/2019 03:41:16] "POST /getGeneSearchPlotDataByclstrType HTTP/1.1" 200 55686
[01/May/2019 03:41:16] "POST /getGeneSearchPlotDataByclstrType HTTP/1.1" 200 55686
[01/May/2019 03:41:18] "POST /genelistSearch HTTP/1.1" 200 3566
[01/May/2019 03:41:18] "POST /genelistSearch HTTP/1.1" 200 3566
[01/May/2019 03:41:18] "POST /getGeneSearchPlotDataByclstrType HTTP/1.1" 200 55731
[01/May/2019 03:41:18] "POST /getGeneSearchPlotDataByclstrType HTTP/1.1" 200 55731
[01/May/2019 03:41:23] "POST /getGeneSearchPlotDataByclstrType HTTP/1.1" 200 50309
[01/May/2019 03:41:25] "POST /getGeneSearchPlotDataByclstrType HTTP/1.1" 200 50309
[01/May/2019 03:42:02] "POST /getMapInfoByDiseaseCategory HTTP/1.1" 200 465
[01/May/2019 03:42:04] "GET / HTTP/1.1" 200 5614
[01/May/2019 03:42:04] "POST /getMapInfoByDiseaseCategory HTTP/1.1" 200 465
[01/May/2019 03:42:16] "GET /map/5c8bf53ea05a37a5c7d707ce/ HTTP/1.1" 200 108820
[01/May/2019 03:42:16] "POST /getMapDataByMapId HTTP/1.1" 200 725665
[01/May/2019 03:42:16] "POST /getClstrsByTypeAndMapid HTTP/1.1" 200 56738
[01/May/2019 03:42:20] "POST /genelistSearch HTTP/1.1" 200 525
[01/May/2019 03:42:23] "POST /genelistSearch HTTP/1.1" 200 17361
[01/May/2019 03:42:23] "POST /getGeneSearchPlotDataByclstrType HTTP/1.1" 200 56079
[01/May/2019 03:42:25] "POST /genelistSearch HTTP/1.1" 200 18227
[01/May/2019 03:42:25] "POST /getGeneSearchPlotDataByclstrType HTTP/1.1" 200 56013
[01/May/2019 03:42:26] "POST /genelistSearch HTTP/1.1" 200 17787
[01/May/2019 03:42:26] "POST /getGeneSearchPlotDataByclstrType HTTP/1.1" 200 56064
[01/May/2019 03:42:29] "POST /genelistSearch HTTP/1.1" 200 8127
[01/May/2019 03:42:29] "POST /getGeneSearchPlotDataByclstrType HTTP/1.1" 200 55948
[01/May/2019 03:42:36] "POST /genelistSearch HTTP/1.1" 200 704
[01/May/2019 03:42:37] "POST /genelistSearch HTTP/1.1" 200 2409
[01/May/2019 03:42:37] "POST /genelistSearch HTTP/1.1" 200 2409
[01/May/2019 03:42:37] "POST /getGeneSearchPlotDataByclstrType HTTP/1.1" 200 55686
[01/May/2019 03:42:37] "POST /getGeneSearchPlotDataByclstrType HTTP/1.1" 200 55686
[01/May/2019 03:42:39] "POST /genelistSearch HTTP/1.1" 200 3566
[01/May/2019 03:42:39] "POST /genelistSearch HTTP/1.1" 200 3566
[01/May/2019 03:42:39] "POST /getGeneSearchPlotDataByclstrType HTTP/1.1" 200 55731
[01/May/2019 03:42:39] "POST /getGeneSearchPlotDataByclstrType HTTP/1.1" 200 55731
[01/May/2019 03:42:51] "POST /genelistSearch HTTP/1.1" 200 8393
[01/May/2019 04:09:13] code 400, message Bad HTTP/0.9 request type ('$(reboot')
[01/May/2019 04:09:13] "$(reboot -f)" 400 -
[01/May/2019 15:52:26] "GET / HTTP/1.1" 200 5614
[01/May/2019 18:03:27] code 400, message Bad request syntax ('\x00\x00\x00TZ\x00\x00\x00\x00\x00\x00\x00\x00\x01\x00\x00\x04\x010I\x00\x00\x00\x00\x80\x0b¨À\x00\x0c)t F\x07\x00tsXrcsXYs9\x00\x00\x00\x00\x00\x00\x00\x00\x00\x00\x00\x00\x00\x00\x00\x00\x00\x00\x00\x00\x00\x00bbXcsXctst\x00\x00\x00\x00\x00\x00')
[01/May/2019 18:03:27] "   TZ          0I    ¨À )t F tsXrcsXYs9                      bbXcsXctst      " 400 -
[02/May/2019 07:25:36] "GET / HTTP/1.1" 200 5614
[02/May/2019 07:25:36] "GET / HTTP/1.1" 200 5614
----------------------------------------
Exception happened during processing of request from ('47.254.73.230', 48044)
Traceback (most recent call last):
  File "/usr/lib/python3.6/socketserver.py", line 651, in process_request_thread
    self.finish_request(request, client_address)
  File "/usr/lib/python3.6/socketserver.py", line 361, in finish_request
    self.RequestHandlerClass(request, client_address, self)
  File "/usr/lib/python3.6/socketserver.py", line 721, in __init__
    self.handle()
  File "/home/ubuntu/.local/lib/python3.6/site-packages/django/core/servers/basehttp.py", line 171, in handle
    self.handle_one_request()
  File "/home/ubuntu/.local/lib/python3.6/site-packages/django/core/servers/basehttp.py", line 179, in handle_one_request
    self.raw_requestline = self.rfile.readline(65537)
  File "/usr/lib/python3.6/socket.py", line 586, in readinto
    return self._sock.recv_into(b)
ConnectionResetError: [Errno 104] Connection reset by peer
----------------------------------------
[03/May/2019 03:25:18] "GET / HTTP/1.1" 200 5614
----------------------------------------
Exception happened during processing of request from ('198.108.67.48', 47092)
Traceback (most recent call last):
  File "/usr/lib/python3.6/socketserver.py", line 651, in process_request_thread
    self.finish_request(request, client_address)
  File "/usr/lib/python3.6/socketserver.py", line 361, in finish_request
    self.RequestHandlerClass(request, client_address, self)
  File "/usr/lib/python3.6/socketserver.py", line 721, in __init__
    self.handle()
  File "/home/ubuntu/.local/lib/python3.6/site-packages/django/core/servers/basehttp.py", line 171, in handle
    self.handle_one_request()
  File "/home/ubuntu/.local/lib/python3.6/site-packages/django/core/servers/basehttp.py", line 179, in handle_one_request
    self.raw_requestline = self.rfile.readline(65537)
  File "/usr/lib/python3.6/socket.py", line 586, in readinto
    return self._sock.recv_into(b)
ConnectionResetError: [Errno 104] Connection reset by peer
----------------------------------------
[03/May/2019 15:20:12] code 400, message Bad request syntax ('\x00\x00\x00TZ\x00\x00\x00\x00\x00\x00\x00\x00\x01\x00\x00\x04\x010I\x00\x00\x00\x00\x80\x0b¨À\x00\x0c)t F\x07\x00tsXrcsXYs9\x00\x00\x00\x00\x00\x00\x00\x00\x00\x00\x00\x00\x00\x00\x00\x00\x00\x00\x00\x00\x00\x00bbXcsXctst\x00\x00\x00\x00\x00\x00')
[03/May/2019 15:20:12] "   TZ          0I    ¨À )t F tsXrcsXYs9                      bbXcsXctst      " 400 -
[03/May/2019 21:41:48] "GET / HTTP/1.1" 200 5614
[04/May/2019 01:24:41] code 400, message Bad HTTP/0.9 request type ('\x03\x00\x00+&à\x00\x00\x00\x00\x00Cookie:')
[04/May/2019 01:24:41] "  +&à     Cookie: mstshash=hello" 400 -
[04/May/2019 03:00:04] "GET / HTTP/1.1" 200 5614
[04/May/2019 03:00:05] "GET /static/lib/jquery-3.2.1.js HTTP/1.1" 200 86658
[04/May/2019 03:00:05] "GET /static/lib/fonts.css HTTP/1.1" 200 6781
[04/May/2019 03:00:05] "GET /static/lib/fontawesome5.8/css/all.min.css HTTP/1.1" 200 55111
[04/May/2019 03:00:05] "GET /static/lib/bootstrap-4.1.3/js/bootstrap.bundle.min.js HTTP/1.1" 200 70966
[04/May/2019 03:00:05] "GET /static/lib/bootstrap-4.1.3/css/bootstrap.min.css HTTP/1.1" 200 140936
[04/May/2019 03:00:05] "GET /static/lib/fontawesome5.8/js/all.min.js HTTP/1.1" 200 1123785
[04/May/2019 03:00:05] "POST /getMapInfoByDiseaseCategory HTTP/1.1" 200 465
Not Found: /favicon.ico
[04/May/2019 03:00:05] "GET /favicon.ico HTTP/1.1" 404 8871
[04/May/2019 03:00:05] "GET /static/lib/fontawesome5.8/webfonts/fa-solid-900.woff2 HTTP/1.1" 200 74256
[04/May/2019 03:46:41] "GET / HTTP/1.1" 200 5614
[04/May/2019 03:46:42] "GET /static/lib/jquery-3.2.1.js HTTP/1.1" 200 86658
[04/May/2019 03:46:42] "GET /static/lib/fontawesome5.8/css/all.min.css HTTP/1.1" 200 55111
[04/May/2019 03:46:42] "GET /static/lib/bootstrap-4.1.3/js/bootstrap.bundle.min.js HTTP/1.1" 200 70966
[04/May/2019 03:46:42] "GET /static/lib/bootstrap-4.1.3/css/bootstrap.min.css HTTP/1.1" 200 140936
[04/May/2019 03:46:42] "GET /static/lib/fonts.css HTTP/1.1" 200 6781
[04/May/2019 03:46:42] "GET /static/lib/fontawesome5.8/js/all.min.js HTTP/1.1" 200 1123785
[04/May/2019 03:46:43] "POST /getMapInfoByDiseaseCategory HTTP/1.1" 200 465
Not Found: /favicon.ico
[04/May/2019 03:46:43] "GET /favicon.ico HTTP/1.1" 404 8871
[04/May/2019 03:46:43] "GET /static/lib/fontawesome5.8/webfonts/fa-solid-900.woff2 HTTP/1.1" 200 74256
[04/May/2019 17:00:28] "GET / HTTP/1.1" 200 5614
[04/May/2019 23:10:29] "GET / HTTP/1.1" 200 5614
Not Found: /www.baidu.com:443
[05/May/2019 07:14:13] "CONNECT www.baidu.com:443 HTTP/1.0" 404 1662
[05/May/2019 22:38:30] "GET / HTTP/1.1" 200 5614
Internal Server Error: /
Traceback (most recent call last):
  File "/home/ubuntu/.local/lib/python3.6/site-packages/django/core/handlers/exception.py", line 34, in inner
    response = get_response(request)
  File "/home/ubuntu/.local/lib/python3.6/site-packages/django/core/handlers/base.py", line 115, in _get_response
    response = self.process_exception_by_middleware(e, request)
  File "/home/ubuntu/.local/lib/python3.6/site-packages/django/core/handlers/base.py", line 113, in _get_response
    response = wrapped_callback(request, *callback_args, **callback_kwargs)
  File "/home/ubuntu/files/git/singleCellApp/webapp/views.py", line 16, in index
  File "/home/ubuntu/.local/lib/python3.6/site-packages/django/shortcuts.py", line 36, in render
    content = loader.render_to_string(template_name, context, request, using=using)
  File "/home/ubuntu/.local/lib/python3.6/site-packages/django/template/loader.py", line 61, in render_to_string
    template = get_template(template_name, using=using)
  File "/home/ubuntu/.local/lib/python3.6/site-packages/django/template/loader.py", line 19, in get_template
    raise TemplateDoesNotExist(template_name, chain=chain)
django.template.exceptions.TemplateDoesNotExist: index/index.html
[05/May/2019 23:34:22] "GET / HTTP/1.1" 500 73646
Internal Server Error: /
Traceback (most recent call last):
  File "/home/ubuntu/.local/lib/python3.6/site-packages/django/core/handlers/exception.py", line 34, in inner
    response = get_response(request)
  File "/home/ubuntu/.local/lib/python3.6/site-packages/django/core/handlers/base.py", line 115, in _get_response
    response = self.process_exception_by_middleware(e, request)
  File "/home/ubuntu/.local/lib/python3.6/site-packages/django/core/handlers/base.py", line 113, in _get_response
    response = wrapped_callback(request, *callback_args, **callback_kwargs)
  File "/home/ubuntu/files/git/singleCellApp/webapp/views.py", line 16, in index
  File "/home/ubuntu/.local/lib/python3.6/site-packages/django/shortcuts.py", line 36, in render
    content = loader.render_to_string(template_name, context, request, using=using)
  File "/home/ubuntu/.local/lib/python3.6/site-packages/django/template/loader.py", line 61, in render_to_string
    template = get_template(template_name, using=using)
  File "/home/ubuntu/.local/lib/python3.6/site-packages/django/template/loader.py", line 19, in get_template
    raise TemplateDoesNotExist(template_name, chain=chain)
django.template.exceptions.TemplateDoesNotExist: index/index.html
[05/May/2019 23:34:22] "GET / HTTP/1.1" 500 73518
[05/May/2019 23:35:14] "GET / HTTP/1.1" 200 5614
[05/May/2019 23:35:14] "GET /static/lib/jquery-3.2.1.js HTTP/1.1" 200 86658
[05/May/2019 23:35:14] "GET /static/lib/fonts.css HTTP/1.1" 304 0
[05/May/2019 23:35:14] "GET /static/lib/fontawesome5.8/css/all.min.css HTTP/1.1" 200 55111
[05/May/2019 23:35:14] "GET /static/lib/bootstrap-4.1.3/css/bootstrap.min.css HTTP/1.1" 200 140936
[05/May/2019 23:35:14] "GET /static/lib/bootstrap-4.1.3/js/bootstrap.bundle.min.js HTTP/1.1" 200 70966
[05/May/2019 23:35:15] "GET /static/lib/fontawesome5.8/js/all.min.js HTTP/1.1" 200 1123785
[05/May/2019 23:35:16] "POST /getMapInfoByDiseaseCategory HTTP/1.1" 200 465
[05/May/2019 23:35:16] "GET /static/lib/fontawesome5.8/webfonts/fa-solid-900.woff2 HTTP/1.1" 200 74256
[05/May/2019 23:37:03] "GET / HTTP/1.1" 200 5614
[05/May/2019 23:37:03] "POST /getMapInfoByDiseaseCategory HTTP/1.1" 200 465
